<?xml version="1.0" encoding="utf-8"?><testsuites name="pytest tests"><testsuite name="pytest" errors="0" failures="0" skipped="0" tests="23" time="33.998" timestamp="2026-02-16T23:41:03.672847+00:00" hostname="agent-env-701e6ca7-385f-4810-bc8a-77fe9f8a7ba8"><testcase classname="backend.tests.test_auth_inventory.TestAuthentication" name="test_login_success" time="0.985" /><testcase classname="backend.tests.test_auth_inventory.TestAuthentication" name="test_login_invalid_credentials" time="0.798" /><testcase classname="backend.tests.test_auth_inventory.TestAuthentication" name="test_login_nonexistent_user" time="0.587" /><testcase classname="backend.tests.test_auth_inventory.TestAuthentication" name="test_register_new_user" time="0.674" /><testcase classname="backend.tests.test_auth_inventory.TestAuthentication" name="test_register_duplicate_email" time="0.644" /><testcase classname="backend.tests.test_auth_inventory.TestAuthentication" name="test_auth_me_endpoint" time="1.491" /><testcase classname="backend.tests.test_auth_inventory.TestAuthentication" name="test_auth_me_without_token" time="0.435" /><testcase classname="backend.tests.test_auth_inventory.TestSuppliers" name="test_get_suppliers" time="1.411" /><testcase classname="backend.tests.test_auth_inventory.TestSuppliers" name="test_create_supplier" time="2.304" /><testcase classname="backend.tests.test_auth_inventory.TestSuppliers" name="test_update_supplier" time="2.316" /><testcase classname="backend.tests.test_auth_inventory.TestSuppliers" name="test_delete_supplier" time="1.917" /><testcase classname="backend.tests.test_auth_inventory.TestInventory" name="test_get_inventory" time="2.316" /><testcase classname="backend.tests.test_auth_inventory.TestInventory" name="test_get_low_stock" time="1.880" /><testcase classname="backend.tests.test_auth_inventory.TestInventory" name="test_create_inventory_item" time="2.865" /><testcase classname="backend.tests.test_auth_inventory.TestInventory" name="test_create_duplicate_inventory" time="2.982" /><testcase classname="backend.tests.test_auth_inventory.TestStockAdjustment" name="test_restock_adjustment" time="1.719" /><testcase classname="backend.tests.test_auth_inventory.TestStockAdjustment" name="test_waste_adjustment" time="2.148" /><testcase classname="backend.tests.test_auth_inventory.TestStockAdjustment" name="test_exact_adjustment" time="2.132" /><testcase classname="backend.tests.test_auth_inventory.TestStockTransactions" name="test_get_all_transactions" time="0.418" /><testcase classname="backend.tests.test_auth_inventory.TestStockTransactions" name="test_get_item_history" time="0.864" /><testcase classname="backend.tests.test_auth_inventory.TestBillingIntegration" name="test_create_bill" time="1.320" /><testcase classname="backend.tests.test_auth_inventory.TestBillingIntegration" name="test_get_bills" time="0.447" /><testcase classname="backend.tests.test_auth_inventory.TestBillingIntegration" name="test_menu_operations" time="1.094" /></testsuite></testsuites>