<?xml version="1.0" encoding="utf-8"?><testsuites name="pytest tests"><testsuite name="pytest" errors="0" failures="0" skipped="0" tests="17" time="13.094" timestamp="2026-02-16T23:12:17.005373+00:00" hostname="agent-env-701e6ca7-385f-4810-bc8a-77fe9f8a7ba8"><testcase classname="backend.tests.test_cafe_bill_generator.TestMenuCategories" name="test_categories_returns_all_23_categories" time="0.715" /><testcase classname="backend.tests.test_cafe_bill_generator.TestMenuAPI" name="test_get_menu_items" time="0.963" /><testcase classname="backend.tests.test_cafe_bill_generator.TestMenuAPI" name="test_create_menu_item_with_pizza_category" time="1.160" /><testcase classname="backend.tests.test_cafe_bill_generator.TestMenuAPI" name="test_create_menu_item_with_pasta_category" time="1.160" /><testcase classname="backend.tests.test_cafe_bill_generator.TestMenuAPI" name="test_create_menu_item_with_burgers_category" time="1.254" /><testcase classname="backend.tests.test_cafe_bill_generator.TestThemeConfiguration" name="test_get_current_theme" time="0.538" /><testcase classname="backend.tests.test_cafe_bill_generator.TestThemeConfiguration" name="test_update_theme" time="2.190" /><testcase classname="backend.tests.test_cafe_bill_generator.TestThemeConfiguration" name="test_reset_theme" time="0.599" /><testcase classname="backend.tests.test_cafe_bill_generator.TestBillGeneration" name="test_create_bill_with_customer_details" time="0.419" /><testcase classname="backend.tests.test_cafe_bill_generator.TestBillGeneration" name="test_create_bill_with_modifiers" time="0.476" /><testcase classname="backend.tests.test_cafe_bill_generator.TestBillGeneration" name="test_create_bill_with_different_currency" time="0.580" /><testcase classname="backend.tests.test_cafe_bill_generator.TestBillHistory" name="test_get_all_bills" time="0.441" /><testcase classname="backend.tests.test_cafe_bill_generator.TestBillHistory" name="test_search_bills_by_customer" time="0.568" /><testcase classname="backend.tests.test_cafe_bill_generator.TestModifiers" name="test_get_modifiers" time="0.413" /><testcase classname="backend.tests.test_cafe_bill_generator.TestSalesReports" name="test_daily_report" time="0.456" /><testcase classname="backend.tests.test_cafe_bill_generator.TestSalesReports" name="test_range_report" time="0.451" /><testcase classname="backend.tests.test_cafe_bill_generator.TestAPIRoot" name="test_api_root" time="0.408" /></testsuite></testsuites>